h:\code\mylwip\debug\vc141.pdb
h:\code\mylwip\debug\vc141.idb
h:\code\mylwip\debug\lib_str.obj
h:\code\mylwip\debug\os_cpu_c.obj
h:\code\mylwip\debug\os_cfg_app.obj
h:\code\mylwip\debug\os_core.obj
h:\code\mylwip\debug\os_dbg.obj
h:\code\mylwip\debug\os_flag.obj
h:\code\mylwip\debug\os_int.obj
h:\code\mylwip\debug\os_mem.obj
h:\code\mylwip\debug\os_msg.obj
h:\code\mylwip\debug\os_mutex.obj
h:\code\mylwip\debug\os_pend_multi.obj
h:\code\mylwip\debug\os_prio.obj
h:\code\mylwip\debug\os_q.obj
h:\code\mylwip\debug\os_sem.obj
h:\code\mylwip\debug\os_stat.obj
h:\code\mylwip\debug\os_task.obj
h:\code\mylwip\debug\os_tick.obj
h:\code\mylwip\debug\os_time.obj
h:\code\mylwip\debug\os_tmr.obj
h:\code\mylwip\debug\os_var.obj
h:\code\mylwip\debug\asn1_enc.obj
h:\code\mylwip\debug\mib2.obj
h:\code\mylwip\debug\mib_structs.obj
h:\code\mylwip\debug\msg_in.obj
h:\code\mylwip\debug\msg_out.obj
h:\code\mylwip\debug\stats.obj
h:\code\mylwip\debug\sys.obj
h:\code\mylwip\debug\tcp.obj
h:\code\mylwip\debug\tcp_in.obj
h:\code\mylwip\debug\tcp_out.obj
h:\code\mylwip\debug\udp.obj
h:\code\mylwip\debug\etharp.obj
h:\code\mylwip\debug\ethernetif.obj
h:\code\mylwip\debug\loopif.obj
h:\code\mylwip\debug\net_tap.obj
h:\code\mylwip\debug\cpu_core.obj
h:\code\mylwip\debug\cpu_c.obj
h:\code\mylwip\debug\lib_ascii.obj
h:\code\mylwip\debug\lib_math.obj
h:\code\mylwip\debug\lib_mem.obj
h:\code\mylwip\debug\tcpip.obj
h:\code\mylwip\debug\queue.obj
h:\code\mylwip\debug\sys_arch.obj
h:\code\mylwip\debug\dhcp.obj
h:\code\mylwip\debug\dns.obj
h:\code\mylwip\debug\init.obj
h:\code\mylwip\debug\autoip.obj
h:\code\mylwip\debug\icmp.obj
h:\code\mylwip\debug\igmp.obj
h:\code\mylwip\debug\inet.obj
h:\code\mylwip\debug\inet_chksum.obj
h:\code\mylwip\debug\ip.obj
h:\code\mylwip\debug\ip_addr.obj
h:\code\mylwip\debug\ip_frag.obj
h:\code\mylwip\debug\mem.obj
h:\code\mylwip\debug\memp.obj
h:\code\mylwip\debug\netif.obj
h:\code\mylwip\debug\pbuf.obj
h:\code\mylwip\debug\raw.obj
h:\code\mylwip\debug\asn1_dec.obj
h:\code\mylwip\debug\app.obj
h:\code\mylwip\debug\app_hooks.obj
h:\code\mylwip\debug\http.obj
h:\code\mylwip\debug\http2.obj
h:\code\mylwip\debug\os_app_hooks.obj
h:\code\mylwip\debug\bsp.obj
h:\code\mylwip\debug\cpu_bsp.obj
h:\code\mylwip\debug\lwipwin32.obj
h:\code\mylwip\debug\api_lib.obj
h:\code\mylwip\debug\api_msg.obj
h:\code\mylwip\debug\err.obj
h:\code\mylwip\debug\netbuf.obj
h:\code\mylwip\debug\netdb.obj
h:\code\mylwip\debug\netifapi.obj
h:\code\mylwip\debug\sockets.obj
h:\code\mylwip\debug\mylwip.exe
h:\code\mylwip\debug\mylwip.tlog\cl.command.1.tlog
h:\code\mylwip\debug\mylwip.tlog\cl.read.1.tlog
h:\code\mylwip\debug\mylwip.tlog\cl.write.1.tlog
h:\code\mylwip\debug\mylwip.tlog\link.command.1.tlog
h:\code\mylwip\debug\mylwip.tlog\link.read.1.tlog
h:\code\mylwip\debug\mylwip.tlog\link.write.1.tlog
